This is e-upTeX, Version 3.141592653-p4.1.1-u1.30-230214-2.6 (utf8.sjis) (TeX Live 2024) (preloaded format=platex 2024.12.26)  10 FEB 2025 14:16
entering extended mode
 \write18 enabled.
 file:line:error style messages enabled.
 %&-line parsing enabled.
**c:/Users/kunia/Desktop/卒論作業フォルダ/sotsuron/sotsuron.tex
(c:/Users/kunia/Desktop/卒論作業フォルダ/sotsuron/sotsuron.tex
pLaTeX2e <2023-02-14>+1, based on
LaTeX2e <2024-11-01> patch level 1
L3 programming layer <2024-12-09>
(./kuee.cls
Document Class: kuee 2018/03/03
(c:/texlive/2024/texmf-dist/tex/platex/base/jreport.cls
Document Class: jreport 2020/09/30 v1.8f Standard pLaTeX class
\c@@paper=\count195
(c:/texlive/2024/texmf-dist/tex/platex/base/jsize12.clo
File: jsize12.clo 2020/09/30 v1.8f Standard pLaTeX file (size option)
)
\c@part=\count196
\c@chapter=\count197
\c@section=\count198
\c@subsection=\count199
\c@subsubsection=\count266
\c@paragraph=\count267
\c@subparagraph=\count268
\c@figure=\count269
\c@table=\count270
\abovecaptionskip=\skip49
\belowcaptionskip=\skip50
\symmincho=\mathgroup4
LaTeX Font Info:    Overwriting symbol font `mincho' in version `bold'
(Font)                  JY1/mc/m/n --> JY1/gt/m/n on input line 704.
\toclineskip=\dimen157
\@lnumwidth=\dimen158
\bibindent=\dimen159
\heisei=\count271
)
\@kuee@appseq=\count272
\kuee@post=\write3
\@kuee@open=\count273
\@kuee@seq=\count274
) (c:/texlive/2024/texmf-dist/tex/latex/amsmath/amsmath.sty
Package: amsmath 2024/11/05 v2.17t AMS math features
\@mathmargin=\skip51
For additional information on amsmath, use the `?' option.
(c:/texlive/2024/texmf-dist/tex/latex/amsmath/amstext.sty
Package: amstext 2021/08/26 v2.01 AMS text
(c:/texlive/2024/texmf-dist/tex/latex/amsmath/amsgen.sty
File: amsgen.sty 1999/11/30 v2.0 generic functions
\@emptytoks=\toks18
\ex@=\dimen160
)) (c:/texlive/2024/texmf-dist/tex/latex/amsmath/amsbsy.sty
Package: amsbsy 1999/11/29 v1.2d Bold Symbols
\pmbraise@=\dimen161
) (c:/texlive/2024/texmf-dist/tex/latex/amsmath/amsopn.sty
Package: amsopn 2022/04/08 v2.04 operator names
)
\inf@bad=\count275
LaTeX Info: Redefining \frac on input line 233.
\uproot@=\count276
\leftroot@=\count277
LaTeX Info: Redefining \overline on input line 398.
LaTeX Info: Redefining \colon on input line 409.
\classnum@=\count278
\DOTSCASE@=\count279
LaTeX Info: Redefining \ldots on input line 495.
LaTeX Info: Redefining \dots on input line 498.
LaTeX Info: Redefining \cdots on input line 619.
\Mathstrutbox@=\box69
\strutbox@=\box70
LaTeX Info: Redefining \big on input line 721.
LaTeX Info: Redefining \Big on input line 722.
LaTeX Info: Redefining \bigg on input line 723.
LaTeX Info: Redefining \Bigg on input line 724.
\big@size=\dimen162
LaTeX Font Info:    Redeclaring font encoding OML on input line 742.
LaTeX Font Info:    Redeclaring font encoding OMS on input line 743.
\macc@depth=\count280
LaTeX Info: Redefining \bmod on input line 904.
LaTeX Info: Redefining \pmod on input line 909.
LaTeX Info: Redefining \smash on input line 939.
LaTeX Info: Redefining \relbar on input line 969.
LaTeX Info: Redefining \Relbar on input line 970.
\c@MaxMatrixCols=\count281
\dotsspace@=\muskip17
\c@parentequation=\count282
\dspbrk@lvl=\count283
\tag@help=\toks19
\row@=\count284
\column@=\count285
\maxfields@=\count286
\andhelp@=\toks20
\eqnshift@=\dimen163
\alignsep@=\dimen164
\tagshift@=\dimen165
\tagwidth@=\dimen166
\totwidth@=\dimen167
\lineht@=\dimen168
\@envbody=\toks21
\multlinegap=\skip52
\multlinetaggap=\skip53
\mathdisplay@stack=\toks22
LaTeX Info: Redefining \[ on input line 2953.
LaTeX Info: Redefining \] on input line 2954.
) (c:/texlive/2024/texmf-dist/tex/latex/graphics/graphicx.sty
Package: graphicx 2021/09/16 v1.2d Enhanced LaTeX Graphics (DPC,SPQR)
(c:/texlive/2024/texmf-dist/tex/latex/graphics/keyval.sty
Package: keyval 2022/05/29 v1.15 key=value parser (DPC)
\KV@toks@=\toks23
) (c:/texlive/2024/texmf-dist/tex/latex/graphics/graphics.sty
Package: graphics 2024/08/06 v1.4g Standard LaTeX Graphics (DPC,SPQR)
(c:/texlive/2024/texmf-dist/tex/latex/graphics/trig.sty
Package: trig 2023/12/02 v1.11 sin cos tan (DPC)
) (c:/texlive/2024/texmf-dist/tex/latex/graphics-cfg/graphics.cfg
File: graphics.cfg 2016/06/04 v1.11 sample graphics configuration
)
Package graphics Info: Driver file: dvipdfmx.def on input line 106.
(c:/texlive/2024/texmf-dist/tex/latex/graphics-def/dvipdfmx.def
File: dvipdfmx.def 2022/09/22 v5.0m Graphics/color driver for dvipdfmx
))
\Gin@req@height=\dimen169
\Gin@req@width=\dimen170
) (c:/texlive/2024/texmf-dist/tex/latex/here/here.sty) (c:/texlive/2024/texmf-dist/tex/latex/float/float.sty
Package: float 2001/11/08 v1.3d Float enhancements (AL)
\c@float@type=\count287
\float@exts=\toks24
\float@box=\box71
\@float@everytoks=\toks25
\@floatcapt=\box72
) (c:/texlive/2024/texmf-dist/tex/latex/etoolbox/etoolbox.sty
Package: etoolbox 2020/10/05 v2.5k e-TeX tools for LaTeX (JAW)
\etb@tempcnta=\count288
) (c:/texlive/2024/texmf-dist/tex/latex/l3backend/l3backend-dvips.def
File: l3backend-dvips.def 2024-05-08 L3 backend support: dvips
\l__pdf_internal_box=\box73
\l__pdf_backend_content_box=\box74
\l__pdf_backend_model_box=\box75
\g__pdf_backend_annotation_int=\count289
\g__pdf_backend_link_int=\count290
\g__pdf_backend_link_sf_int=\count291
) (out/sotsuron.aux)
\openout1 = `sotsuron.aux'.

LaTeX Font Info:    Checking defaults for OML/cmm/m/it on input line 19.
LaTeX Font Info:    ... okay on input line 19.
LaTeX Font Info:    Checking defaults for OMS/cmsy/m/n on input line 19.
LaTeX Font Info:    ... okay on input line 19.
LaTeX Font Info:    Checking defaults for OT1/cmr/m/n on input line 19.
LaTeX Font Info:    ... okay on input line 19.
LaTeX Font Info:    Checking defaults for T1/cmr/m/n on input line 19.
LaTeX Font Info:    ... okay on input line 19.
LaTeX Font Info:    Checking defaults for TS1/cmr/m/n on input line 19.
LaTeX Font Info:    ... okay on input line 19.
LaTeX Font Info:    Checking defaults for OMX/cmex/m/n on input line 19.
LaTeX Font Info:    ... okay on input line 19.
LaTeX Font Info:    Checking defaults for U/cmr/m/n on input line 19.
LaTeX Font Info:    ... okay on input line 19.
LaTeX Font Info:    Checking defaults for JY1/mc/m/n on input line 19.
LaTeX Font Info:    ... okay on input line 19.
LaTeX Font Info:    Checking defaults for JT1/mc/m/n on input line 19.
LaTeX Font Info:    ... okay on input line 19.


[0]
LaTeX Font Info:    Font shape `JT1/mc/bx/n' in size <17.28> not available
(Font)              Font shape `JT1/gt/m/n' tried instead on input line 21.
LaTeX Font Info:    Font shape `JY1/mc/bx/n' in size <17.28> not available
(Font)              Font shape `JY1/gt/m/n' tried instead on input line 21.
LaTeX Font Info:    Font shape `JT1/mc/bx/n' in size <12> not available
(Font)              Font shape `JT1/gt/m/n' tried instead on input line 21.
LaTeX Font Info:    Font shape `JY1/mc/bx/n' in size <12> not available
(Font)              Font shape `JY1/gt/m/n' tried instead on input line 21.


[1


]
\clearpage
LaTeX Font Info:    Font shape `JT1/mc/bx/n' in size <20.74> not available
(Font)              Font shape `JT1/gt/m/n' tried instead on input line 43.
LaTeX Font Info:    Font shape `JY1/mc/bx/n' in size <20.74> not available
(Font)              Font shape `JY1/gt/m/n' tried instead on input line 43.
(out/sotsuron.toc

[2

])
\tf@toc=\write4
\openout4 = `sotsuron.toc'.



[3]
\clearpage
第{1}章.

Overfull \hbox (0.56903pt too wide) in paragraph at lines 54--62
[]\JY1/mc/m/n/12 日本の一次エネルギ ー供給の多くは化石燃料による火力発電に依存しているが\OT1/cmr/m/n/12 ,
 []



[1]

[2]
\clearpage
第{2}章.
LaTeX Font Info:    Trying to load font information for OML+cmr on input line 118.
(c:/texlive/2024/texmf-dist/tex/latex/base/omlcmr.fd
File: omlcmr.fd 2024/11/19 v2.5n Standard LaTeX font definitions
)
LaTeX Font Info:    Font shape `OML/cmr/m/n' in size <12> not available
(Font)              Font shape `OML/cmm/m/it' tried instead on input line 118.


[3

]
\@kuee1chapter=\count292
\@kuee1figure=\count293
\openout3 = `sotsuron.fff'.

(sotsuron.fff)
Overfull \hbox (14.93948pt too wide) in paragraph at lines 167--175
\JY1/mc/m/n/12 閉じ込め磁場の磁力線に対して垂直方向に振動しながら伝搬するモ ードである\OT1/cmr/m/n/12 . NBI
 []



[4]
LaTeX Font Info:    Font shape `JT1/mc/bx/n' in size <14.4> not available
(Font)              Font shape `JT1/gt/m/n' tried instead on input line 204.
LaTeX Font Info:    Font shape `JY1/mc/bx/n' in size <14.4> not available
(Font)              Font shape `JY1/gt/m/n' tried instead on input line 204.


[5]

[6]
\@kuee2chapter=\count294
\@kuee2figure=\count295
\@kuee3chapter=\count296
\@kuee3figure=\count297

Overfull \hbox (4.89542pt too wide) in paragraph at lines 259--262
\JY1/mc/m/n/12 を \OT1/cmr/m/n/12 16ch \JY1/mc/m/n/12 フ ィ ルタ ーバンクによりダウンコンバ ートしそれぞれ \OT1/cmr/m/n/12 2 \JY1/mc/m/n/12 乗検波した後 、 \OT1/cmr/m/n/12 ECE
 []



[7]
第{3}章.

Overfull \hbox (3.28268pt too wide) in paragraph at lines 317--324
[]\JY1/mc/m/n/12 パワ ースペクトルは単一の磁気プロ ーブの信号から求めることができるが\OT1/cmr/m/n/12 , \JY1/mc/m/n/12 モ ー
 []



[8

]

[9]

[10]

[11]
第{4}章.
\@kuee4chapter=\count298
\@kuee4figure=\count299


[12

]
\@kuee5chapter=\count300
\@kuee5figure=\count301
\@kuee6chapter=\count302
\@kuee6figure=\count303

Overfull \hbox (15.34pt too wide) in paragraph at lines 471--481
[]\JY1/mc/m/n/12 この帯域の揺らぎ成分の振幅が突発的に変動すると考えられるため\OT1/cmr/m/n/12 ,30kHz$\OMS/cmsy/m/n/12 ^^X$\OT1/cmr/m/n/12 50kHz
 []



[13]
\@kuee7chapter=\count304
\@kuee7figure=\count305
\@kuee8chapter=\count306
\@kuee8figure=\count307
\@kuee9chapter=\count308
\@kuee9figure=\count309

Overfull \hbox (2.06316pt too wide) in paragraph at lines 514--521
\JY1/mc/m/n/12 位相差\OT1/cmr/m/n/12 , \JY1/mc/m/n/12 横軸が磁気プロ ーブの設置角となるようなグラフを作成すると傾きがモ ー
 []



[14]
Overfull \hbox (18.35222pt too wide) in paragraph at lines 543--568
[]\JY1/mc/m/n/12 キ ャ リアのモ ード数の推定結果を示す\OT1/cmr/m/n/12 . 4.2 \JY1/mc/m/n/12 節で述べた通り\OT1/cmr/m/n/12 , TMP(ch1) $\OMS/cmsy/m/n/12 ^^X$ \OT1/cmr/m/n/12 TMP(ch4)
 []



[15]
\@kuee10chapter=\count310
\@kuee10figure=\count311
\@kuee11chapter=\count312
\@kuee11figure=\count313
\@kuee12chapter=\count314
\@kuee12figure=\count315
\@kuee13chapter=\count316
\@kuee13figure=\count317
\@kuee14chapter=\count318
\@kuee14figure=\count319
\@kuee15chapter=\count320
\@kuee15figure=\count321
\@kuee16chapter=\count322
\@kuee16figure=\count323
\@kuee17chapter=\count324
\@kuee17figure=\count325


[16]
Overfull \hbox (6.28479pt too wide) in paragraph at lines 667--677
\JY1/mc/m/n/12 推定されたため\OT1/cmr/m/n/12 , \JY1/mc/m/n/12 式 \OT1/cmr/m/n/12 (4.4) \JY1/mc/m/n/12 の補正項は値がゼロとなる\OT1/cmr/m/n/12 . PMP \JY1/mc/m/n/12 と同様にして \OT1/cmr/m/n/12 TMP(ch1)
 []

\@kuee18chapter=\count326
\@kuee18figure=\count327
\@kuee19chapter=\count328
\@kuee19figure=\count329
\@kuee20chapter=\count330
\@kuee20figure=\count331
\@kuee21chapter=\count332
\@kuee21figure=\count333
\@kuee22chapter=\count334
\@kuee22figure=\count335
\@kuee23chapter=\count336
\@kuee23figure=\count337
\@kuee24chapter=\count338
\@kuee24figure=\count339
\@kuee25chapter=\count340
\@kuee25figure=\count341


[17]
\@kuee26chapter=\count342
\@kuee26figure=\count343


[18]
\@kuee27chapter=\count344
\@kuee27figure=\count345


[19]
第{5}章.


[20

]
Overfull \hbox (6.97964pt too wide) in paragraph at lines 831--836
[]\JY1/mc/m/n/12 本論文の作成にあたり\OT1/cmr/m/n/12 , \JY1/mc/m/n/12 多大なるご指導\OT1/cmr/m/n/12 , \JY1/mc/m/n/12 ご鞭撻を賜りました京都大学エネルギ ー
 []



[21

]
Underfull \hbox (badness 10000) in paragraph at lines 847--848
[]\OT1/cmr/m/n/12 ONOSOKKI. \JY1/mc/m/n/12 基礎からの周波数分析 ヒルベルト変換と解析信号\OT1/cmr/m/n/12 ,
 []



[22

]
付 録{A} .
AED kuee: Processing end Figures and Tables

[23

] (out/sotsuron.fff
File: ./figure/chapter3/heliotronJ.png Graphic file (type bmp)
<./figure/chapter3/heliotronJ.png>
File: ./figure/chapter3/MP_CG.png Graphic file (type bmp)
<./figure/chapter3/MP_CG.png>
File: ./figure/chapter3/MP_place.png Graphic file (type bmp)
<./figure/chapter3/MP_place.png>

LaTeX Warning: Text page 24 contains only floats.



[24

]
File: ./figure/chapter4/params@72351.png Graphic file (type bmp)
<./figure/chapter4/params@72351.png>
File: ./figure/chapter4/MP4_wave.png Graphic file (type bmp)
<./figure/chapter4/MP4_wave.png>
File: ./figure/chapter4/MP4_PSD_mer.png Graphic file (type bmp)
<./figure/chapter4/MP4_PSD_mer.png>
File: ./figure/chapter4/MP4_spe.png Graphic file (type bmp)
<./figure/chapter4/MP4_spe.png>
File: ./figure/chapter4/MP4_env_wave.png Graphic file (type bmp)
<./figure/chapter4/MP4_env_wave.png>
File: ./figure/chapter4/MP4_env_wave_zoom.png Graphic file (type bmp)
<./figure/chapter4/MP4_env_wave_zoom.png>
File: ./figure/chapter4/env/PMP/PMP(all)_wave_zoom.png Graphic file (type bmp)
<./figure/chapter4/env/PMP/PMP(all)_wave_zoom.png>
File: ./figure/chapter4/coh_PMPtoMP1_merged.png Graphic file (type bmp)
<./figure/chapter4/coh_PMPtoMP1_merged.png>
File: ./figure/chapter4/car/PMP/PMP_coh_mer(AB).png Graphic file (type bmp)
<./figure/chapter4/car/PMP/PMP_coh_mer(AB).png>
File: ./figure/chapter4/car/PMP/PMP_resi.png Graphic file (type bmp)
<./figure/chapter4/car/PMP/PMP_resi.png>
File: ./figure/chapter4/car/MP/MP_coh_mer.png Graphic file (type bmp)
<./figure/chapter4/car/MP/MP_coh_mer.png>
File: ./figure/chapter4/car/MP/MP_resi.png Graphic file (type bmp)
<./figure/chapter4/car/MP/MP_resi.png>
File: ./figure/chapter4/car/PMP/PMP(AB)_m69_phasediff_mer.png Graphic file (type bmp)
<./figure/chapter4/car/PMP/PMP(AB)_m69_phasediff_mer.png>
File: ./figure/chapter4/car/MP/MP_phasediff.png Graphic file (type bmp)
<./figure/chapter4/car/MP/MP_phasediff.png>
File: ./figure/chapter4/env/PMP/PMP(all)_env_wave_zoom.png Graphic file (type bmp)
<./figure/chapter4/env/PMP/PMP(all)_env_wave_zoom.png>
File: ./figure/chapter4/env/PMP/coh/PMP(AB)_env_coh.png Graphic file (type bmp)
<./figure/chapter4/env/PMP/coh/PMP(AB)_env_coh.png>
File: ./figure/chapter4/env/PMP/PMP_env_resi.png Graphic file (type bmp)
<./figure/chapter4/env/PMP/PMP_env_resi.png>
File: ./figure/chapter4/env/MP/MP_env_wave_zoom.png Graphic file (type bmp)
<./figure/chapter4/env/MP/MP_env_wave_zoom.png>
File: ./figure/chapter4/env/MP/MP_env_coh_mer.png Graphic file (type bmp)
<./figure/chapter4/env/MP/MP_env_coh_mer.png>
File: ./figure/chapter4/env/MP/MP_env_resi.png Graphic file (type bmp)
<./figure/chapter4/env/MP/MP_env_resi.png>
File: ./figure/chapter4/env/MP/MP_env_phasediff_mer.png Graphic file (type bmp)
<./figure/chapter4/env/MP/MP_env_phasediff_mer.png>
File: ./figure/chapter4/env/PMP/PMP_env_phasediff_mer.png Graphic file (type bmp)
<./figure/chapter4/env/PMP/PMP_env_phasediff_mer.png>
File: ./figure/chapter4/peak/ECE@72352_mer.png Graphic file (type bmp)
<./figure/chapter4/peak/ECE@72352_mer.png>
File: ./figure/chapter4/peak/3peak.png Graphic file (type bmp)
<./figure/chapter4/peak/3peak.png>


[25]

[26]

[27]

[28]

[29]

[30]

[31]

[32]

[33]

[34]

[35]) (out/sotsuron.aux)
 ***********
pLaTeX2e <2023-02-14>+1, based on
LaTeX2e <2024-11-01> patch level 1
L3 programming layer <2024-12-09>
 ***********
 ) 
Here is how much of TeX's memory you used:
 2641 strings out of 473912
 44948 string characters out of 5736376
 434563 words of memory out of 5000000
 25803 multiletter control sequences out of 15000+600000
 575502 words of font info for 104 fonts, out of 8000000 for 9000
 929 hyphenation exceptions out of 8191
 57i,10n,65p,286b,380s stack positions out of 10000i,1000n,20000p,200000b,200000s

Output written on out/sotsuron.dvi (39 pages, 96120 bytes).
